app/build/outputs/logs/manifest-merger-debug-report.txt
-- Merging decision tree log ---
manifest
ADDED from src/main/AndroidManifest.xml:2:1-58:12
	package
		ADDED from src/main/AndroidManifest.xml:3:5-44
		INJECTED from src/main/AndroidManifest.xml
		INJECTED from src/main/AndroidManifest.xml
	android:versionName
		INJECTED from src/main/AndroidManifest.xml
		INJECTED from src/main/AndroidManifest.xml
	xmlns:android
		ADDED from src/main/AndroidManifest.xml:2:11-69
	android:versionCode
		INJECTED from src/main/AndroidManifest.xml
		INJECTED from src/main/AndroidManifest.xml
uses-permission#android.permission.CALL_PHONE
ADDED from src/main/AndroidManifest.xml:5:5-69
	android:name
		ADDED from src/main/AndroidManifest.xml:5:22-66
uses-permission#android.permission.INTERNET
ADDED from src/main/AndroidManifest.xml:6:5-67
MERGED from [com.google.android.gms:play-services-maps:9.4.0] AndroidManifest.xml:21:5-66
MERGED from [com.google.android.gms:play-services-maps:9.4.0] AndroidManifest.xml:21:5-66
MERGED from [com.google.firebase:firebase-iid:9.4.0] AndroidManifest.xml:21:5-67
MERGED from [com.google.firebase:firebase-analytics:9.4.0] AndroidManifest.xml:21:5-67
MERGED from [com.google.firebase:firebase-analytics-impl:9.4.0] AndroidManifest.xml:21:5-67
MERGED from [com.google.firebase:firebase-iid:9.4.0] AndroidManifest.xml:21:5-67
	android:name
		ADDED from src/main/AndroidManifest.xml:6:22-64
uses-permission#android.permission.ACCESS_FINE_LOCATION
ADDED from src/main/AndroidManifest.xml:7:5-79
	android:name
		ADDED from src/main/AndroidManifest.xml:7:22-76
uses-permission#android.permission.ACCESS_COARSE_LOCATION
ADDED from src/main/AndroidManifest.xml:8:5-81
	android:name
		ADDED from src/main/AndroidManifest.xml:8:22-78
uses-feature#0x00020000
ADDED from src/main/AndroidManifest.xml:10:5-12:35
MERGED from [com.google.android.gms:play-services-maps:9.4.0] AndroidManifest.xml:22:5-24:33
MERGED from [com.google.android.gms:play-services-maps:9.4.0] AndroidManifest.xml:22:5-24:33
	android:glEsVersion
		ADDED from src/main/AndroidManifest.xml:11:9-41
	android:required
		ADDED from src/main/AndroidManifest.xml:12:9-32
application
ADDED from src/main/AndroidManifest.xml:14:5-56:19
MERGED from [com.android.support:appcompat-v7:23.4.0] AndroidManifest.xml:25:5-20
MERGED from [com.android.support:animated-vector-drawable:23.4.0] AndroidManifest.xml:7:5-20
MERGED from [com.android.support:support-vector-drawable:23.4.0] AndroidManifest.xml:7:5-20
MERGED from [com.android.support:support-v4:23.4.0] AndroidManifest.xml:22:5-20
MERGED from [com.android.support:support-v4:23.4.0] AndroidManifest.xml:22:5-20
MERGED from [com.android.support:support-vector-drawable:23.4.0] AndroidManifest.xml:7:5-20
MERGED from [com.android.support:support-v4:23.4.0] AndroidManifest.xml:22:5-20
MERGED from [com.android.support:design:23.4.0] AndroidManifest.xml:22:5-20
MERGED from [com.android.support:support-v4:23.4.0] AndroidManifest.xml:22:5-20
MERGED from [com.android.support:appcompat-v7:23.4.0] AndroidManifest.xml:25:5-20
MERGED from [com.android.support:animated-vector-drawable:23.4.0] AndroidManifest.xml:7:5-20
MERGED from [com.android.support:support-vector-drawable:23.4.0] AndroidManifest.xml:7:5-20
MERGED from [com.android.support:support-v4:23.4.0] AndroidManifest.xml:22:5-20
MERGED from [com.android.support:support-v4:23.4.0] AndroidManifest.xml:22:5-20
MERGED from [com.android.support:support-vector-drawable:23.4.0] AndroidManifest.xml:7:5-20
MERGED from [com.android.support:support-v4:23.4.0] AndroidManifest.xml:22:5-20
MERGED from [com.android.support:support-v4:23.4.0] AndroidManifest.xml:22:5-20
MERGED from [com.android.support:support-v4:23.4.0] AndroidManifest.xml:22:5-20
MERGED from [de.hdodenhof:circleimageview:1.3.0] AndroidManifest.xml:9:5-20
MERGED from [com.google.android.gms:play-services-maps:9.4.0] AndroidManifest.xml:27:5-20
MERGED from [com.google.android.gms:play-services-base:9.4.0] AndroidManifest.xml:19:5-23:19
MERGED from [com.google.android.gms:play-services-basement:9.4.0] AndroidManifest.xml:20:5-24:19
MERGED from [com.android.support:support-v4:23.4.0] AndroidManifest.xml:22:5-20
MERGED from [com.google.android.gms:play-services-tasks:9.4.0] AndroidManifest.xml:5:5-20
MERGED from [com.google.android.gms:play-services-basement:9.4.0] AndroidManifest.xml:20:5-24:19
MERGED from [com.android.support:support-v4:23.4.0] AndroidManifest.xml:22:5-20
MERGED from [com.google.android.gms:play-services-basement:9.4.0] AndroidManifest.xml:20:5-24:19
MERGED from [com.android.support:support-v4:23.4.0] AndroidManifest.xml:22:5-20
MERGED from [com.google.android.gms:play-services-location:9.4.0] AndroidManifest.xml:19:5-20
MERGED from [com.google.android.gms:play-services-base:9.4.0] AndroidManifest.xml:19:5-23:19
MERGED from [com.google.android.gms:play-services-basement:9.4.0] AndroidManifest.xml:20:5-24:19
MERGED from [com.android.support:support-v4:23.4.0] AndroidManifest.xml:22:5-20
MERGED from [com.google.android.gms:play-services-tasks:9.4.0] AndroidManifest.xml:5:5-20
MERGED from [com.google.android.gms:play-services-basement:9.4.0] AndroidManifest.xml:20:5-24:19
MERGED from [com.android.support:support-v4:23.4.0] AndroidManifest.xml:22:5-20
MERGED from [com.google.android.gms:play-services-basement:9.4.0] AndroidManifest.xml:20:5-24:19
MERGED from [com.android.support:support-v4:23.4.0] AndroidManifest.xml:22:5-20
MERGED from [com.google.android.gms:play-services-places:9.4.0] AndroidManifest.xml:19:5-20
MERGED from [com.google.android.gms:play-services-base:9.4.0] AndroidManifest.xml:19:5-23:19
MERGED from [com.google.android.gms:play-services-basement:9.4.0] AndroidManifest.xml:20:5-24:19
MERGED from [com.android.support:support-v4:23.4.0] AndroidManifest.xml:22:5-20
MERGED from [com.google.android.gms:play-services-tasks:9.4.0] AndroidManifest.xml:5:5-20
MERGED from [com.google.android.gms:play-services-basement:9.4.0] AndroidManifest.xml:20:5-24:19
MERGED from [com.android.support:support-v4:23.4.0] AndroidManifest.xml:22:5-20
MERGED from [com.google.android.gms:play-services-basement:9.4.0] AndroidManifest.xml:20:5-24:19
MERGED from [com.android.support:support-v4:23.4.0] AndroidManifest.xml:22:5-20
MERGED from [com.google.android.gms:play-services-maps:9.4.0] AndroidManifest.xml:27:5-20
MERGED from [com.google.android.gms:play-services-base:9.4.0] AndroidManifest.xml:19:5-23:19
MERGED from [com.google.android.gms:play-services-basement:9.4.0] AndroidManifest.xml:20:5-24:19
MERGED from [com.android.support:support-v4:23.4.0] AndroidManifest.xml:22:5-20
MERGED from [com.google.android.gms:play-services-tasks:9.4.0] AndroidManifest.xml:5:5-20
MERGED from [com.google.android.gms:play-services-basement:9.4.0] AndroidManifest.xml:20:5-24:19
MERGED from [com.android.support:support-v4:23.4.0] AndroidManifest.xml:22:5-20
MERGED from [com.google.android.gms:play-services-basement:9.4.0] AndroidManifest.xml:20:5-24:19
MERGED from [com.android.support:support-v4:23.4.0] AndroidManifest.xml:22:5-20
MERGED from [com.android.volley:volley:1.0.0] AndroidManifest.xml:9:5-20
MERGED from [com.android.support:cardview-v7:23.4.0] AndroidManifest.xml:22:5-20
MERGED from [com.google.maps.android:android-maps-utils:0.4.3] AndroidManifest.xml:7:5-11:19
MERGED from [com.google.firebase:firebase-messaging:9.0.0] AndroidManifest.xml:20:5-32:19
MERGED from [com.google.android.gms:play-services-basement:9.4.0] AndroidManifest.xml:20:5-24:19
MERGED from [com.android.support:support-v4:23.4.0] AndroidManifest.xml:22:5-20
MERGED from [com.google.firebase:firebase-iid:9.4.0] AndroidManifest.xml:30:5-59:19
MERGED from [com.google.android.gms:play-services-basement:9.4.0] AndroidManifest.xml:20:5-24:19
MERGED from [com.android.support:support-v4:23.4.0] AndroidManifest.xml:22:5-20
MERGED from [com.google.firebase:firebase-common:9.4.0] AndroidManifest.xml:5:5-12:19
MERGED from [com.google.android.gms:play-services-basement:9.4.0] AndroidManifest.xml:20:5-24:19
MERGED from [com.android.support:support-v4:23.4.0] AndroidManifest.xml:22:5-20
MERGED from [com.google.android.gms:play-services-tasks:9.4.0] AndroidManifest.xml:5:5-20
MERGED from [com.google.android.gms:play-services-basement:9.4.0] AndroidManifest.xml:20:5-24:19
MERGED from [com.android.support:support-v4:23.4.0] AndroidManifest.xml:22:5-20
MERGED from [com.google.firebase:firebase-common:9.4.0] AndroidManifest.xml:5:5-12:19
MERGED from [com.google.android.gms:play-services-basement:9.4.0] AndroidManifest.xml:20:5-24:19
MERGED from [com.android.support:support-v4:23.4.0] AndroidManifest.xml:22:5-20
MERGED from [com.google.android.gms:play-services-tasks:9.4.0] AndroidManifest.xml:5:5-20
MERGED from [com.google.android.gms:play-services-basement:9.4.0] AndroidManifest.xml:20:5-24:19
MERGED from [com.android.support:support-v4:23.4.0] AndroidManifest.xml:22:5-20
MERGED from [com.google.firebase:firebase-core:9.4.0] AndroidManifest.xml:5:5-20
MERGED from [com.google.firebase:firebase-analytics:9.4.0] AndroidManifest.xml:26:5-41:19
MERGED from [com.google.android.gms:play-services-basement:9.4.0] AndroidManifest.xml:20:5-24:19
MERGED from [com.android.support:support-v4:23.4.0] AndroidManifest.xml:22:5-20
MERGED from [com.google.firebase:firebase-common:9.4.0] AndroidManifest.xml:5:5-12:19
MERGED from [com.google.android.gms:play-services-basement:9.4.0] AndroidManifest.xml:20:5-24:19
MERGED from [com.android.support:support-v4:23.4.0] AndroidManifest.xml:22:5-20
MERGED from [com.google.android.gms:play-services-tasks:9.4.0] AndroidManifest.xml:5:5-20
MERGED from [com.google.android.gms:play-services-basement:9.4.0] AndroidManifest.xml:20:5-24:19
MERGED from [com.android.support:support-v4:23.4.0] AndroidManifest.xml:22:5-20
MERGED from [com.google.firebase:firebase-analytics-impl:9.4.0] AndroidManifest.xml:26:5-41:19
MERGED from [com.google.android.gms:play-services-basement:9.4.0] AndroidManifest.xml:20:5-24:19
MERGED from [com.android.support:support-v4:23.4.0] AndroidManifest.xml:22:5-20
MERGED from [com.google.firebase:firebase-iid:9.4.0] AndroidManifest.xml:30:5-59:19
MERGED from [com.google.android.gms:play-services-basement:9.4.0] AndroidManifest.xml:20:5-24:19
MERGED from [com.android.support:support-v4:23.4.0] AndroidManifest.xml:22:5-20
MERGED from [com.google.firebase:firebase-common:9.4.0] AndroidManifest.xml:5:5-12:19
MERGED from [com.google.android.gms:play-services-basement:9.4.0] AndroidManifest.xml:20:5-24:19
MERGED from [com.android.support:support-v4:23.4.0] AndroidManifest.xml:22:5-20
MERGED from [com.google.android.gms:play-services-tasks:9.4.0] AndroidManifest.xml:5:5-20
MERGED from [com.google.android.gms:play-services-basement:9.4.0] AndroidManifest.xml:20:5-24:19
MERGED from [com.android.support:support-v4:23.4.0] AndroidManifest.xml:22:5-20
MERGED from [com.google.firebase:firebase-common:9.4.0] AndroidManifest.xml:5:5-12:19
MERGED from [com.google.android.gms:play-services-basement:9.4.0] AndroidManifest.xml:20:5-24:19
MERGED from [com.android.support:support-v4:23.4.0] AndroidManifest.xml:22:5-20
MERGED from [com.google.android.gms:play-services-tasks:9.4.0] AndroidManifest.xml:5:5-20
MERGED from [com.google.android.gms:play-services-basement:9.4.0] AndroidManifest.xml:20:5-24:19
MERGED from [com.android.support:support-v4:23.4.0] AndroidManifest.xml:22:5-20
	android:label
		ADDED from src/main/AndroidManifest.xml:17:9-41
	android:supportsRtl
		ADDED from src/main/AndroidManifest.xml:18:9-35
	android:allowBackup
		ADDED from src/main/AndroidManifest.xml:15:9-35
	android:icon
		ADDED from src/main/AndroidManifest.xml:16:9-43
	android:theme
		ADDED from src/main/AndroidManifest.xml:19:9-40
meta-data#com.google.android.geo.API_KEY
ADDED from src/main/AndroidManifest.xml:20:9-22:71
	android:value
		ADDED from src/main/AndroidManifest.xml:22:13-68
	android:name
		ADDED from src/main/AndroidManifest.xml:21:13-58
activity#com.example.sujit.customerapp.Login
ADDED from src/main/AndroidManifest.xml:24:9-33:20
	android:label
		ADDED from src/main/AndroidManifest.xml:26:13-45
	android:theme
		ADDED from src/main/AndroidManifest.xml:27:13-56
	android:name
		ADDED from src/main/AndroidManifest.xml:25:13-34
intent-filter#android.intent.action.MAIN+android.intent.category.LAUNCHER
ADDED from src/main/AndroidManifest.xml:28:13-32:29
action#android.intent.action.MAIN
ADDED from src/main/AndroidManifest.xml:29:17-69
	android:name
		ADDED from src/main/AndroidManifest.xml:29:25-66
category#android.intent.category.LAUNCHER
ADDED from src/main/AndroidManifest.xml:31:17-77
	android:name
		ADDED from src/main/AndroidManifest.xml:31:27-74
activity#com.example.sujit.customerapp.MainActivity
ADDED from src/main/AndroidManifest.xml:34:9-36:59
	android:theme
		ADDED from src/main/AndroidManifest.xml:36:13-56
	android:name
		ADDED from src/main/AndroidManifest.xml:35:13-41
activity#com.example.sujit.customerapp.Register
ADDED from src/main/AndroidManifest.xml:37:9-46
	android:name
		ADDED from src/main/AndroidManifest.xml:37:19-43
activity#com.example.sujit.customerapp.Get_Taxi
ADDED from src/main/AndroidManifest.xml:38:9-40:59
	android:theme
		ADDED from src/main/AndroidManifest.xml:40:13-56
	android:name
		ADDED from src/main/AndroidManifest.xml:39:13-37
service#com.example.sujit.customerapp.FirebaseMessagingService
ADDED from src/main/AndroidManifest.xml:42:9-46:19
	android:name
		ADDED from src/main/AndroidManifest.xml:42:18-58
intent-filter#com.google.firebase.MESSAGING_EVENT
ADDED from src/main/AndroidManifest.xml:43:13-45:29
action#com.google.firebase.MESSAGING_EVENT
ADDED from src/main/AndroidManifest.xml:44:17-78
	android:name
		ADDED from src/main/AndroidManifest.xml:44:25-75
service#com.example.sujit.customerapp.FirebaseInstanceIDService
ADDED from src/main/AndroidManifest.xml:48:9-52:19
	android:name
		ADDED from src/main/AndroidManifest.xml:48:18-59
intent-filter#com.google.firebase.INSTANCE_ID_EVENT
ADDED from src/main/AndroidManifest.xml:49:13-51:29
action#com.google.firebase.INSTANCE_ID_EVENT
ADDED from src/main/AndroidManifest.xml:50:17-80
	android:name
		ADDED from src/main/AndroidManifest.xml:50:25-77
activity#com.example.sujit.customerapp.ViewInfoOfRide
ADDED from src/main/AndroidManifest.xml:54:9-52
	android:name
		ADDED from src/main/AndroidManifest.xml:54:19-49
activity#com.example.sujit.customerapp.Information
ADDED from src/main/AndroidManifest.xml:55:9-58
	android:name
		ADDED from src/main/AndroidManifest.xml:55:19-46
uses-sdk
INJECTED from src/main/AndroidManifest.xml reason: use-sdk injection requested
MERGED from [com.android.support:appcompat-v7:23.4.0] AndroidManifest.xml:21:5-23:78
MERGED from [com.android.support:animated-vector-drawable:23.4.0] AndroidManifest.xml:5:5-44
MERGED from [com.android.support:support-vector-drawable:23.4.0] AndroidManifest.xml:5:5-43
MERGED from [com.android.support:support-v4:23.4.0] AndroidManifest.xml:20:5-43
MERGED from [com.android.support:support-v4:23.4.0] AndroidManifest.xml:20:5-43
MERGED from [com.android.support:support-vector-drawable:23.4.0] AndroidManifest.xml:5:5-43
MERGED from [com.android.support:support-v4:23.4.0] AndroidManifest.xml:20:5-43
MERGED from [com.android.support:design:23.4.0] AndroidManifest.xml:20:5-43
MERGED from [com.android.support:recyclerview-v7:23.4.0] AndroidManifest.xml:20:5-43
MERGED from [com.android.support:support-v4:23.4.0] AndroidManifest.xml:20:5-43
MERGED from [com.android.support:appcompat-v7:23.4.0] AndroidManifest.xml:21:5-23:78
MERGED from [com.android.support:animated-vector-drawable:23.4.0] AndroidManifest.xml:5:5-44
MERGED from [com.android.support:support-vector-drawable:23.4.0] AndroidManifest.xml:5:5-43
MERGED from [com.android.support:support-v4:23.4.0] AndroidManifest.xml:20:5-43
MERGED from [com.android.support:support-v4:23.4.0] AndroidManifest.xml:20:5-43
MERGED from [com.android.support:support-vector-drawable:23.4.0] AndroidManifest.xml:5:5-43
MERGED from [com.android.support:support-v4:23.4.0] AndroidManifest.xml:20:5-43
MERGED from [com.android.support:support-v4:23.4.0] AndroidManifest.xml:20:5-43
MERGED from [com.android.support:support-v4:23.4.0] AndroidManifest.xml:20:5-43
MERGED from [de.hdodenhof:circleimageview:1.3.0] AndroidManifest.xml:5:5-7:41
MERGED from [com.google.android.gms:play-services-maps:9.4.0] AndroidManifest.xml:26:5-42
MERGED from [com.google.android.gms:play-services-base:9.4.0] AndroidManifest.xml:18:5-42
MERGED from [com.google.android.gms:play-services-basement:9.4.0] AndroidManifest.xml:18:5-42
MERGED from [com.android.support:support-v4:23.4.0] AndroidManifest.xml:20:5-43
MERGED from [com.google.android.gms:play-services-tasks:9.4.0] AndroidManifest.xml:4:5-43
MERGED from [com.google.android.gms:play-services-basement:9.4.0] AndroidManifest.xml:18:5-42
MERGED from [com.android.support:support-v4:23.4.0] AndroidManifest.xml:20:5-43
MERGED from [com.google.android.gms:play-services-basement:9.4.0] AndroidManifest.xml:18:5-42
MERGED from [com.android.support:support-v4:23.4.0] AndroidManifest.xml:20:5-43
MERGED from [com.google.android.gms:play-services-location:9.4.0] AndroidManifest.xml:18:5-42
MERGED from [com.google.android.gms:play-services-base:9.4.0] AndroidManifest.xml:18:5-42
MERGED from [com.google.android.gms:play-services-basement:9.4.0] AndroidManifest.xml:18:5-42
MERGED from [com.android.support:support-v4:23.4.0] AndroidManifest.xml:20:5-43
MERGED from [com.google.android.gms:play-services-tasks:9.4.0] AndroidManifest.xml:4:5-43
MERGED from [com.google.android.gms:play-services-basement:9.4.0] AndroidManifest.xml:18:5-42
MERGED from [com.android.support:support-v4:23.4.0] AndroidManifest.xml:20:5-43
MERGED from [com.google.android.gms:play-services-basement:9.4.0] AndroidManifest.xml:18:5-42
MERGED from [com.android.support:support-v4:23.4.0] AndroidManifest.xml:20:5-43
MERGED from [com.google.android.gms:play-services-places:9.4.0] AndroidManifest.xml:18:5-42
MERGED from [com.google.android.gms:play-services-base:9.4.0] AndroidManifest.xml:18:5-42
MERGED from [com.google.android.gms:play-services-basement:9.4.0] AndroidManifest.xml:18:5-42
MERGED from [com.android.support:support-v4:23.4.0] AndroidManifest.xml:20:5-43
MERGED from [com.google.android.gms:play-services-tasks:9.4.0] AndroidManifest.xml:4:5-43
MERGED from [com.google.android.gms:play-services-basement:9.4.0] AndroidManifest.xml:18:5-42
MERGED from [com.android.support:support-v4:23.4.0] AndroidManifest.xml:20:5-43
MERGED from [com.google.android.gms:play-services-basement:9.4.0] AndroidManifest.xml:18:5-42
MERGED from [com.android.support:support-v4:23.4.0] AndroidManifest.xml:20:5-43
MERGED from [com.google.android.gms:play-services-maps:9.4.0] AndroidManifest.xml:26:5-42
MERGED from [com.google.android.gms:play-services-base:9.4.0] AndroidManifest.xml:18:5-42
MERGED from [com.google.android.gms:play-services-basement:9.4.0] AndroidManifest.xml:18:5-42
MERGED from [com.android.support:support-v4:23.4.0] AndroidManifest.xml:20:5-43
MERGED from [com.google.android.gms:play-services-tasks:9.4.0] AndroidManifest.xml:4:5-43
MERGED from [com.google.android.gms:play-services-basement:9.4.0] AndroidManifest.xml:18:5-42
MERGED from [com.android.support:support-v4:23.4.0] AndroidManifest.xml:20:5-43
MERGED from [com.google.android.gms:play-services-basement:9.4.0] AndroidManifest.xml:18:5-42
MERGED from [com.android.support:support-v4:23.4.0] AndroidManifest.xml:20:5-43
MERGED from [com.android.volley:volley:1.0.0] AndroidManifest.xml:7:5-43
MERGED from [com.android.support:cardview-v7:23.4.0] AndroidManifest.xml:20:5-43
MERGED from [com.google.maps.android:android-maps-utils:0.4.3] AndroidManifest.xml:5:5-43
MERGED from [com.google.firebase:firebase-messaging:9.0.0] AndroidManifest.xml:18:5-42
MERGED from [com.google.android.gms:play-services-basement:9.4.0] AndroidManifest.xml:18:5-42
MERGED from [com.android.support:support-v4:23.4.0] AndroidManifest.xml:20:5-43
MERGED from [com.google.firebase:firebase-iid:9.4.0] AndroidManifest.xml:18:5-42
MERGED from [com.google.android.gms:play-services-basement:9.4.0] AndroidManifest.xml:18:5-42
MERGED from [com.android.support:support-v4:23.4.0] AndroidManifest.xml:20:5-43
MERGED from [com.google.firebase:firebase-common:9.4.0] AndroidManifest.xml:4:5-43
MERGED from [com.google.android.gms:play-services-basement:9.4.0] AndroidManifest.xml:18:5-42
MERGED from [com.android.support:support-v4:23.4.0] AndroidManifest.xml:20:5-43
MERGED from [com.google.android.gms:play-services-tasks:9.4.0] AndroidManifest.xml:4:5-43
MERGED from [com.google.android.gms:play-services-basement:9.4.0] AndroidManifest.xml:18:5-42
MERGED from [com.android.support:support-v4:23.4.0] AndroidManifest.xml:20:5-43
MERGED from [com.google.firebase:firebase-common:9.4.0] AndroidManifest.xml:4:5-43
MERGED from [com.google.android.gms:play-services-basement:9.4.0] AndroidManifest.xml:18:5-42
MERGED from [com.android.support:support-v4:23.4.0] AndroidManifest.xml:20:5-43
MERGED from [com.google.android.gms:play-services-tasks:9.4.0] AndroidManifest.xml:4:5-43
MERGED from [com.google.android.gms:play-services-basement:9.4.0] AndroidManifest.xml:18:5-42
MERGED from [com.android.support:support-v4:23.4.0] AndroidManifest.xml:20:5-43
MERGED from [com.google.firebase:firebase-core:9.4.0] AndroidManifest.xml:4:5-42
MERGED from [com.google.firebase:firebase-analytics:9.4.0] AndroidManifest.xml:18:5-42
MERGED from [com.google.android.gms:play-services-basement:9.4.0] AndroidManifest.xml:18:5-42
MERGED from [com.android.support:support-v4:23.4.0] AndroidManifest.xml:20:5-43
MERGED from [com.google.firebase:firebase-common:9.4.0] AndroidManifest.xml:4:5-43
MERGED from [com.google.android.gms:play-services-basement:9.4.0] AndroidManifest.xml:18:5-42
MERGED from [com.android.support:support-v4:23.4.0] AndroidManifest.xml:20:5-43
MERGED from [com.google.android.gms:play-services-tasks:9.4.0] AndroidManifest.xml:4:5-43
MERGED from [com.google.android.gms:play-services-basement:9.4.0] AndroidManifest.xml:18:5-42
MERGED from [com.android.support:support-v4:23.4.0] AndroidManifest.xml:20:5-43
MERGED from [com.google.firebase:firebase-analytics-impl:9.4.0] AndroidManifest.xml:18:5-42
MERGED from [com.google.android.gms:play-services-basement:9.4.0] AndroidManifest.xml:18:5-42
MERGED from [com.android.support:support-v4:23.4.0] AndroidManifest.xml:20:5-43
MERGED from [com.google.firebase:firebase-iid:9.4.0] AndroidManifest.xml:18:5-42
MERGED from [com.google.android.gms:play-services-basement:9.4.0] AndroidManifest.xml:18:5-42
MERGED from [com.android.support:support-v4:23.4.0] AndroidManifest.xml:20:5-43
MERGED from [com.google.firebase:firebase-common:9.4.0] AndroidManifest.xml:4:5-43
MERGED from [com.google.android.gms:play-services-basement:9.4.0] AndroidManifest.xml:18:5-42
MERGED from [com.android.support:support-v4:23.4.0] AndroidManifest.xml:20:5-43
MERGED from [com.google.android.gms:play-services-tasks:9.4.0] AndroidManifest.xml:4:5-43
MERGED from [com.google.android.gms:play-services-basement:9.4.0] AndroidManifest.xml:18:5-42
MERGED from [com.android.support:support-v4:23.4.0] AndroidManifest.xml:20:5-43
MERGED from [com.google.firebase:firebase-common:9.4.0] AndroidManifest.xml:4:5-43
MERGED from [com.google.android.gms:play-services-basement:9.4.0] AndroidManifest.xml:18:5-42
MERGED from [com.android.support:support-v4:23.4.0] AndroidManifest.xml:20:5-43
MERGED from [com.google.android.gms:play-services-tasks:9.4.0] AndroidManifest.xml:4:5-43
MERGED from [com.google.android.gms:play-services-basement:9.4.0] AndroidManifest.xml:18:5-42
MERGED from [com.android.support:support-v4:23.4.0] AndroidManifest.xml:20:5-43
	tools:overrideLibrary
		ADDED from [com.android.support:appcompat-v7:23.4.0] AndroidManifest.xml:23:9-75
	android:targetSdkVersion
		INJECTED from src/main/AndroidManifest.xml
		INJECTED from src/main/AndroidManifest.xml
	android:minSdkVersion
		INJECTED from src/main/AndroidManifest.xml
		INJECTED from src/main/AndroidManifest.xml
uses-permission#android.permission.ACCESS_NETWORK_STATE
ADDED from [com.google.android.gms:play-services-maps:9.4.0] AndroidManifest.xml:20:5-78
MERGED from [com.google.android.gms:play-services-maps:9.4.0] AndroidManifest.xml:20:5-78
MERGED from [com.google.firebase:firebase-iid:9.4.0] AndroidManifest.xml:20:5-79
MERGED from [com.google.firebase:firebase-analytics:9.4.0] AndroidManifest.xml:22:5-79
MERGED from [com.google.firebase:firebase-analytics-impl:9.4.0] AndroidManifest.xml:22:5-79
MERGED from [com.google.firebase:firebase-iid:9.4.0] AndroidManifest.xml:20:5-79
	android:name
		ADDED from [com.google.android.gms:play-services-maps:9.4.0] AndroidManifest.xml:20:22-76
activity#com.google.android.gms.common.api.GoogleApiActivity
ADDED from [com.google.android.gms:play-services-base:9.4.0] AndroidManifest.xml:20:9-22:45
MERGED from [com.google.android.gms:play-services-base:9.4.0] AndroidManifest.xml:20:9-22:45
MERGED from [com.google.android.gms:play-services-base:9.4.0] AndroidManifest.xml:20:9-22:45
MERGED from [com.google.android.gms:play-services-base:9.4.0] AndroidManifest.xml:20:9-22:45
	android:exported
		ADDED from [com.google.android.gms:play-services-base:9.4.0] AndroidManifest.xml:22:19-43
	android:theme
		ADDED from [com.google.android.gms:play-services-base:9.4.0] AndroidManifest.xml:21:19-78
	android:name
		ADDED from [com.google.android.gms:play-services-base:9.4.0] AndroidManifest.xml:20:19-85
meta-data#com.google.android.gms.version
ADDED from [com.google.android.gms:play-services-basement:9.4.0] AndroidManifest.xml:21:9-23:69
MERGED from [com.google.android.gms:play-services-basement:9.4.0] AndroidManifest.xml:21:9-23:69
MERGED from [com.google.android.gms:play-services-basement:9.4.0] AndroidManifest.xml:21:9-23:69
MERGED from [com.google.android.gms:play-services-basement:9.4.0] AndroidManifest.xml:21:9-23:69
MERGED from [com.google.android.gms:play-services-basement:9.4.0] AndroidManifest.xml:21:9-23:69
MERGED from [com.google.android.gms:play-services-basement:9.4.0] AndroidManifest.xml:21:9-23:69
MERGED from [com.google.android.gms:play-services-basement:9.4.0] AndroidManifest.xml:21:9-23:69
MERGED from [com.google.android.gms:play-services-basement:9.4.0] AndroidManifest.xml:21:9-23:69
MERGED from [com.google.android.gms:play-services-basement:9.4.0] AndroidManifest.xml:21:9-23:69
MERGED from [com.google.android.gms:play-services-basement:9.4.0] AndroidManifest.xml:21:9-23:69
MERGED from [com.google.android.gms:play-services-basement:9.4.0] AndroidManifest.xml:21:9-23:69
MERGED from [com.google.android.gms:play-services-basement:9.4.0] AndroidManifest.xml:21:9-23:69
MERGED from [com.google.maps.android:android-maps-utils:0.4.3] AndroidManifest.xml:8:9-10:69
MERGED from [com.google.android.gms:play-services-basement:9.4.0] AndroidManifest.xml:21:9-23:69
MERGED from [com.google.android.gms:play-services-basement:9.4.0] AndroidManifest.xml:21:9-23:69
MERGED from [com.google.android.gms:play-services-basement:9.4.0] AndroidManifest.xml:21:9-23:69
MERGED from [com.google.android.gms:play-services-basement:9.4.0] AndroidManifest.xml:21:9-23:69
MERGED from [com.google.android.gms:play-services-basement:9.4.0] AndroidManifest.xml:21:9-23:69
MERGED from [com.google.android.gms:play-services-basement:9.4.0] AndroidManifest.xml:21:9-23:69
MERGED from [com.google.android.gms:play-services-basement:9.4.0] AndroidManifest.xml:21:9-23:69
MERGED from [com.google.android.gms:play-services-basement:9.4.0] AndroidManifest.xml:21:9-23:69
MERGED from [com.google.android.gms:play-services-basement:9.4.0] AndroidManifest.xml:21:9-23:69
MERGED from [com.google.android.gms:play-services-basement:9.4.0] AndroidManifest.xml:21:9-23:69
MERGED from [com.google.android.gms:play-services-basement:9.4.0] AndroidManifest.xml:21:9-23:69
MERGED from [com.google.android.gms:play-services-basement:9.4.0] AndroidManifest.xml:21:9-23:69
MERGED from [com.google.android.gms:play-services-basement:9.4.0] AndroidManifest.xml:21:9-23:69
MERGED from [com.google.android.gms:play-services-basement:9.4.0] AndroidManifest.xml:21:9-23:69
MERGED from [com.google.android.gms:play-services-basement:9.4.0] AndroidManifest.xml:21:9-23:69
	android:value
		ADDED from [com.google.android.gms:play-services-basement:9.4.0] AndroidManifest.xml:23:13-66
	android:name
		ADDED from [com.google.android.gms:play-services-basement:9.4.0] AndroidManifest.xml:22:13-58
service#com.google.firebase.messaging.FirebaseMessagingService
ADDED from [com.google.firebase:firebase-messaging:9.0.0] AndroidManifest.xml:24:9-30:19
	android:exported
		ADDED from [com.google.firebase:firebase-messaging:9.0.0] AndroidManifest.xml:26:13-36
	android:name
		ADDED from [com.google.firebase:firebase-messaging:9.0.0] AndroidManifest.xml:25:13-82
uses-permission#android.permission.WAKE_LOCK
ADDED from [com.google.firebase:firebase-iid:9.4.0] AndroidManifest.xml:22:5-68
MERGED from [com.google.firebase:firebase-analytics:9.4.0] AndroidManifest.xml:24:5-67
MERGED from [com.google.firebase:firebase-analytics-impl:9.4.0] AndroidManifest.xml:24:5-67
MERGED from [com.google.firebase:firebase-iid:9.4.0] AndroidManifest.xml:22:5-68
	android:name
		ADDED from [com.google.firebase:firebase-iid:9.4.0] AndroidManifest.xml:22:22-65
uses-permission#com.google.android.c2dm.permission.RECEIVE
ADDED from [com.google.firebase:firebase-iid:9.4.0] AndroidManifest.xml:23:5-82
MERGED from [com.google.firebase:firebase-iid:9.4.0] AndroidManifest.xml:23:5-82
	android:name
		ADDED from [com.google.firebase:firebase-iid:9.4.0] AndroidManifest.xml:23:22-79
permission#${applicationId}.permission.C2D_MESSAGE
ADDED from [com.google.firebase:firebase-iid:9.4.0] AndroidManifest.xml:25:5-26:47
	android:protectionLevel
		ADDED from [com.google.firebase:firebase-iid:9.4.0] AndroidManifest.xml:26:9-44
	android:name
		ADDED from [com.google.firebase:firebase-iid:9.4.0] AndroidManifest.xml:25:17-71
uses-permission#${applicationId}.permission.C2D_MESSAGE
ADDED from [com.google.firebase:firebase-iid:9.4.0] AndroidManifest.xml:28:5-79
	android:name